[11:04:31] [INIT] KubeJS 2001.6.5-build.14; MC 2001 forge
[11:04:31] [INIT] Loaded plugins:
[11:04:31] [INIT] - dev.latvian.mods.kubejs.forge.BuiltinKubeJSForgePlugin
[11:04:31] [INIT] - thedarkcolour.exdeorum.compat.kubejs.ExDeorumKubeJsPlugin
[11:04:31] [INIT] - com.almostreliable.kubeio.kube.KubePlugin
[11:04:31] [INIT] - dev.ftb.mods.ftbxmodcompat.ftbquests.kubejs.KubeJSIntegration
[11:04:31] [INIT] - dev.ftb.mods.ftbxmodcompat.ftbchunks.kubejs.FTBChunksKubeJSPlugin
[11:04:31] [INIT] - dev.ftb.mods.ftbxmodcompat.ftbteams.kubejs.FTBTeamsKubeJSPlugin
[11:04:31] [INIT] - com.blakebr0.cucumber.compat.kubejs.CucumberKubeJSPlugin
[11:04:31] [INIT] - com.almostreliable.summoningrituals.compat.kubejs.AlmostKube
[11:04:31] [INIT] - com.almostreliable.ponderjs.PonderJSPlugin
[11:04:32] [INFO] Loaded script server_scripts:postUnify/_before.js in 0.005 s
[11:04:32] [INFO] Loaded script server_scripts:postUnify/wires.js in 0.004 s
[11:04:32] [INFO] Loaded script server_scripts:postUnify/dust.js in 0.005 s
[11:04:32] [INFO] Loaded script server_scripts:postUnify/storage_blocks.js in 0.004 s
[11:04:32] [INFO] Loaded script server_scripts:postUnify/ingots.js in 0.005 s
[11:04:32] [INFO] Loaded script server_scripts:postUnify/nuggets.js in 0.002 s
[11:04:32] [INFO] Loaded script server_scripts:postUnify/raw_materials.js in 0.002 s
[11:04:32] [INFO] Loaded script server_scripts:postUnify/plates.js in 0.004 s
[11:04:32] [INFO] Loaded script server_scripts:postUnify/rods.js in 0.003 s
[11:04:32] [INFO] Loaded script server_scripts:postUnify/gears.js in 0.003 s
[11:04:32] [INFO] Loaded script server_scripts:summoning/summoning.js in 0.002 s
[11:04:32] [INFO] Loaded script server_scripts:modpack/atm_shard.js in 0.0 s
[11:04:32] [INFO] Loaded script server_scripts:modpack/patrick_star.js in 0.0 s
[11:04:32] [INFO] Loaded script server_scripts:modpack/atm_templates.js in 0.0 s
[11:04:32] [INFO] Loaded script server_scripts:modpack/atm_metals.js in 0.001 s
[11:04:32] [INFO] Loaded script server_scripts:modpack/atm_star_creative.js in 0.006 s
[11:04:32] [INFO] Loaded script server_scripts:modpack/atm_star_shards.js in 0.0 s
[11:04:32] [INFO] Loaded script server_scripts:tags.js in 0.003 s
[11:04:32] [INFO] Loaded script server_scripts:disable.js in 0.001 s
[11:04:32] [INFO] Loaded script server_scripts:mods/minecraft/recipes.js in 0.0 s
[11:04:32] [INFO] Loaded script server_scripts:mods/atm/creative.js in 0.002 s
[11:04:32] [INFO] Loaded script server_scripts:mods/exdeorum/exdeorum.js in 0.004 s
[11:04:32] [INFO] Loaded script server_scripts:mods/exdeorum/sieveremovals.js in 0.001 s
[11:04:32] [INFO] Loaded script server_scripts:mods/exdeorum/pebbles.js in 0.001 s
[11:04:32] [INFO] Loaded script server_scripts:mods/oreberry/oreberry.js in 0.001 s
[11:04:32] [INFO] Loaded script server_scripts:mods/misc/recipes.js in 0.001 s
[11:04:32] [INFO] Loaded script server_scripts:mods/projecte/projecte.js in 0.001 s
[11:04:32] [INFO] Loaded script server_scripts:mods/mob_grinding_utils/recipes.js in 0.001 s
[11:04:32] [INFO] Loaded script server_scripts:mods/hostileneuralnetworks/hnn.js in 0.001 s
[11:04:32] [INFO] Loaded script server_scripts:mods/xycraft/rock_gen_kivi.js in 0.0 s
[11:04:32] [INFO] Loaded script server_scripts:mods/reliquary/reliquary.js in 0.0 s
[11:04:33] [INFO] mods/flux/dust.js#2: Loaded Java class 'net.minecraft.sounds.SoundEvents'
[11:04:33] [INFO] mods/flux/dust.js#3: Loaded Java class 'net.minecraft.sounds.SoundSource'
[11:04:33] [INFO] mods/flux/dust.js#4: Loaded Java class 'net.minecraft.core.particles.ParticleTypes'
[11:04:33] [INFO] Loaded script server_scripts:mods/flux/dust.js in 0.02 s
[11:04:33] [INFO] Loaded script server_scripts:mods/corail_tombstone/Nuke_Eggs.js in 0.001 s
[11:04:33] [INFO] mods/mysticalagriculture/crops.js#1: Loaded Java class 'com.blakebr0.mysticalagriculture.registry.CropRegistry'
[11:04:33] [INFO] Loaded script server_scripts:mods/mysticalagriculture/crops.js in 0.006 s
[11:04:33] [INFO] Loaded script server_scripts:mods/mysticalagriculture/crafting.js in 0.002 s
[11:04:33] [INFO] Loaded script server_scripts:mods/create/create.js in 0.0 s
[11:04:33] [INFO] Loaded script server_scripts:mods/mekanism/mekanism.js in 0.0 s
[11:04:33] [INFO] mods/farmingforblockheads/market.js#60: Loaded Java class 'net.blay09.mods.farmingforblockheads.api.FarmingForBlockheadsAPI'
[11:04:33] [INFO] Loaded script server_scripts:mods/farmingforblockheads/market.js in 0.002 s
[11:04:33] [INFO] Loaded script server_scripts:mods/ae/recipes.js in 0.0 s
[11:04:33] [INFO] Loaded script server_scripts:mods/cobblefordays/cobblegen.js in 0.002 s
[11:04:33] [INFO] Loaded script server_scripts:mods/thermal/recipes.js in 0.001 s
[11:04:33] [INFO] Loaded script server_scripts:mods/thermal/rock_gen.js in 0.0 s
[11:04:33] [INFO] Loaded script server_scripts:mods/AppliedE/AppliedE.js in 0.001 s
[11:04:33] [INFO] Loaded script server_scripts:mods/dank/recipes.js in 0.0 s
[11:04:33] [INFO] Loaded 44/44 KubeJS server scripts in 0.133 s with 0 errors and 0 warnings
[11:04:33] [INFO] Scripts loaded
[11:04:33] [INFO] Initializing recipe event...
[11:04:36] [INFO] [minecraft:block] Found 1759 tags, added 291 objects, removed 0 objects
[11:04:36] [INFO] [minecraft:fluid] Found 79 tags, added 1 objects, removed 4 objects
[11:04:37] [INFO] [minecraft:item] Found 3990 tags, added 60 objects, removed 1 objects
[11:04:37] [INFO] [minecraft:worldgen/biome] Found 217 tags, added 8 objects, removed 0 objects
[11:04:37] [INFO] [minecraft:entity_type] Found 130 tags, added 58 objects, removed 0 objects
[11:04:45] [INFO] Processing recipes...
[11:04:45] [INFO] Found 38797 recipes in 323.4 ms
[11:04:48] [INFO] Posted recipe events in 3.054 s
[11:04:49] [WARN] Error parsing recipe create:cutting/compat/forbidden_arcanus/mysterywood_log[create:cutting]: {"type":"create:cutting","conditions":[{"type":"forge:mod_loaded","modid":"forbidden_arcanus"}],"ingredients":[{"item":"forbidden_arcanus:mysterywood_log"}],"processingTime":50,"results":[{"item":"forbidden_arcanus:stripped_mysterywood_log"}]}: Unknown item 'forbidden_arcanus:mysterywood_log'
[11:04:49] [WARN] Error parsing recipe thermal:furnace/allthecompressed/stone/deepslate/9x[thermal:furnace]: {"type":"thermal:furnace","ingredient":{"item":"allthecompressed:cobbled_deepslate_block_9x","count":1},"result":{"item":"allthecompressed:deepslate_block_9x"},"energy":2400000,"conditions":[{"type":"forge:and","values":[{"type":"forge:not","value":{"type":"forge:mod_loaded","modid":"compressium"}},{"type":"forge:mod_loaded","modid":"thermal"}]}]}: Invalid Thermal Series recipe: thermal:furnace/allthecompressed/stone/deepslate/9x
Refer to the recipe's ResourceLocation to find the mod responsible and let them know!
[11:04:49] [WARN] Error parsing recipe create:cutting/compat/forbidden_arcanus/stripped_mysterywood[create:cutting]: {"type":"create:cutting","conditions":[{"type":"forge:mod_loaded","modid":"forbidden_arcanus"}],"ingredients":[{"item":"forbidden_arcanus:stripped_mysterywood"}],"processingTime":50,"results":[{"count":6,"item":"forbidden_arcanus:mysterywood_planks"}]}: Unknown item 'forbidden_arcanus:stripped_mysterywood'
[11:04:49] [WARN] Error parsing recipe thermal:furnace/allthecompressed/stone/deepslate/1x[thermal:furnace]: {"type":"thermal:furnace","ingredient":{"item":"allthecompressed:cobbled_deepslate_block_1x","count":1},"result":{"item":"allthecompressed:deepslate_block_1x"},"energy":240000,"conditions":[{"type":"forge:and","values":[{"type":"forge:not","value":{"type":"forge:mod_loaded","modid":"compressium"}},{"type":"forge:mod_loaded","modid":"thermal"}]}]}: Invalid Thermal Series recipe: thermal:furnace/allthecompressed/stone/deepslate/1x
Refer to the recipe's ResourceLocation to find the mod responsible and let them know!
[11:04:49] [WARN] Error parsing recipe thermal:furnace/allthecompressed/stone/deepslate/2x[thermal:furnace]: {"type":"thermal:furnace","ingredient":{"item":"allthecompressed:cobbled_deepslate_block_2x","count":1},"result":{"item":"allthecompressed:deepslate_block_2x"},"energy":480000,"conditions":[{"type":"forge:and","values":[{"type":"forge:not","value":{"type":"forge:mod_loaded","modid":"compressium"}},{"type":"forge:mod_loaded","modid":"thermal"}]}]}: Invalid Thermal Series recipe: thermal:furnace/allthecompressed/stone/deepslate/2x
Refer to the recipe's ResourceLocation to find the mod responsible and let them know!
[11:04:49] [WARN] Error parsing recipe thermal:furnace/allthecompressed/stone/deepslate/3x[thermal:furnace]: {"type":"thermal:furnace","ingredient":{"item":"allthecompressed:cobbled_deepslate_block_3x","count":1},"result":{"item":"allthecompressed:deepslate_block_3x"},"energy":720000,"conditions":[{"type":"forge:and","values":[{"type":"forge:not","value":{"type":"forge:mod_loaded","modid":"compressium"}},{"type":"forge:mod_loaded","modid":"thermal"}]}]}: Invalid Thermal Series recipe: thermal:furnace/allthecompressed/stone/deepslate/3x
Refer to the recipe's ResourceLocation to find the mod responsible and let them know!
[11:04:49] [WARN] Error parsing recipe thermal:furnace/allthecompressed/stone/deepslate/5x[thermal:furnace]: {"type":"thermal:furnace","ingredient":{"item":"allthecompressed:cobbled_deepslate_block_5x","count":1},"result":{"item":"allthecompressed:deepslate_block_5x"},"energy":1200000,"conditions":[{"type":"forge:and","values":[{"type":"forge:not","value":{"type":"forge:mod_loaded","modid":"compressium"}},{"type":"forge:mod_loaded","modid":"thermal"}]}]}: Invalid Thermal Series recipe: thermal:furnace/allthecompressed/stone/deepslate/5x
Refer to the recipe's ResourceLocation to find the mod responsible and let them know!
[11:04:49] [WARN] Error parsing recipe thermal:furnace/allthecompressed/stone/deepslate/4x[thermal:furnace]: {"type":"thermal:furnace","ingredient":{"item":"allthecompressed:cobbled_deepslate_block_4x","count":1},"result":{"item":"allthecompressed:deepslate_block_4x"},"energy":960000,"conditions":[{"type":"forge:and","values":[{"type":"forge:not","value":{"type":"forge:mod_loaded","modid":"compressium"}},{"type":"forge:mod_loaded","modid":"thermal"}]}]}: Invalid Thermal Series recipe: thermal:furnace/allthecompressed/stone/deepslate/4x
Refer to the recipe's ResourceLocation to find the mod responsible and let them know!
[11:04:49] [WARN] Error parsing recipe thermal:furnace/allthecompressed/stone/deepslate/6x[thermal:furnace]: {"type":"thermal:furnace","ingredient":{"item":"allthecompressed:cobbled_deepslate_block_6x","count":1},"result":{"item":"allthecompressed:deepslate_block_6x"},"energy":1440000,"conditions":[{"type":"forge:and","values":[{"type":"forge:not","value":{"type":"forge:mod_loaded","modid":"compressium"}},{"type":"forge:mod_loaded","modid":"thermal"}]}]}: Invalid Thermal Series recipe: thermal:furnace/allthecompressed/stone/deepslate/6x
Refer to the recipe's ResourceLocation to find the mod responsible and let them know!
[11:04:49] [WARN] Error parsing recipe thermal:furnace/allthecompressed/stone/deepslate/7x[thermal:furnace]: {"type":"thermal:furnace","ingredient":{"item":"allthecompressed:cobbled_deepslate_block_7x","count":1},"result":{"item":"allthecompressed:deepslate_block_7x"},"energy":1680000,"conditions":[{"type":"forge:and","values":[{"type":"forge:not","value":{"type":"forge:mod_loaded","modid":"compressium"}},{"type":"forge:mod_loaded","modid":"thermal"}]}]}: Invalid Thermal Series recipe: thermal:furnace/allthecompressed/stone/deepslate/7x
Refer to the recipe's ResourceLocation to find the mod responsible and let them know!
[11:04:49] [WARN] Error parsing recipe thermal:furnace/allthecompressed/stone/deepslate/8x[thermal:furnace]: {"type":"thermal:furnace","ingredient":{"item":"allthecompressed:cobbled_deepslate_block_8x","count":1},"result":{"item":"allthecompressed:deepslate_block_8x"},"energy":2160000,"conditions":[{"type":"forge:and","values":[{"type":"forge:not","value":{"type":"forge:mod_loaded","modid":"compressium"}},{"type":"forge:mod_loaded","modid":"thermal"}]}]}: Invalid Thermal Series recipe: thermal:furnace/allthecompressed/stone/deepslate/8x
Refer to the recipe's ResourceLocation to find the mod responsible and let them know!
[11:04:49] [WARN] Error parsing recipe create:cutting/compat/forbidden_arcanus/cherrywood[create:cutting]: {"type":"create:cutting","conditions":[{"type":"forge:mod_loaded","modid":"forbidden_arcanus"}],"ingredients":[{"item":"forbidden_arcanus:cherrywood"}],"processingTime":50,"results":[{"item":"forbidden_arcanus:stripped_cherrywood"}]}: Unknown item 'forbidden_arcanus:cherrywood'
[11:04:49] [WARN] Error parsing recipe create:cutting/compat/forbidden_arcanus/stripped_cherrywood[create:cutting]: {"type":"create:cutting","conditions":[{"type":"forge:mod_loaded","modid":"forbidden_arcanus"}],"ingredients":[{"item":"forbidden_arcanus:stripped_cherrywood"}],"processingTime":50,"results":[{"count":6,"item":"forbidden_arcanus:cherrywood_planks"}]}: Unknown item 'forbidden_arcanus:stripped_cherrywood'
[11:04:49] [WARN] Error parsing recipe create:cutting/compat/forbidden_arcanus/cherrywood_log[create:cutting]: {"type":"create:cutting","conditions":[{"type":"forge:mod_loaded","modid":"forbidden_arcanus"}],"ingredients":[{"item":"forbidden_arcanus:cherrywood_log"}],"processingTime":50,"results":[{"item":"forbidden_arcanus:stripped_cherrywood_log"}]}: Unknown item 'forbidden_arcanus:cherrywood_log'
[11:04:49] [WARN] Error parsing recipe createaddition:filling/treated_wood_planks[create:filling]: {"type":"create:filling","ingredients":[{"tag":"minecraft:planks"},{"fluid":"forge:creosote","amount":125}],"results":[{"item":"immersiveengineering:treated_wood_horizontal"}],"conditions":[{"type":"forge:mod_loaded","modid":"immersiveengineering"},{"fluidTag":"forge:creosote","type":"createaddition:has_fluid_tag"}]}: Can't modify the empty stack.
[11:04:49] [WARN] Error parsing recipe thermal:furnace/allthecompressed/terracotta/1x[thermal:furnace]: {"type":"thermal:furnace","ingredient":{"item":"allthecompressed:clay_block_1x","count":1},"result":{"item":"allthecompressed:terracotta_block_1x"},"energy":240000,"conditions":[{"type":"forge:and","values":[{"type":"forge:not","value":{"type":"forge:mod_loaded","modid":"compressium"}},{"type":"forge:mod_loaded","modid":"thermal"}]}]}: Invalid Thermal Series recipe: thermal:furnace/allthecompressed/terracotta/1x
Refer to the recipe's ResourceLocation to find the mod responsible and let them know!
[11:04:49] [WARN] Error parsing recipe thermal:furnace/allthecompressed/terracotta/2x[thermal:furnace]: {"type":"thermal:furnace","ingredient":{"item":"allthecompressed:clay_block_2x","count":1},"result":{"item":"allthecompressed:terracotta_block_2x"},"energy":480000,"conditions":[{"type":"forge:and","values":[{"type":"forge:not","value":{"type":"forge:mod_loaded","modid":"compressium"}},{"type":"forge:mod_loaded","modid":"thermal"}]}]}: Invalid Thermal Series recipe: thermal:furnace/allthecompressed/terracotta/2x
Refer to the recipe's ResourceLocation to find the mod responsible and let them know!
[11:04:49] [WARN] Error parsing recipe thermal:furnace/allthecompressed/terracotta/5x[thermal:furnace]: {"type":"thermal:furnace","ingredient":{"item":"allthecompressed:clay_block_5x","count":1},"result":{"item":"allthecompressed:terracotta_block_5x"},"energy":1200000,"conditions":[{"type":"forge:and","values":[{"type":"forge:not","value":{"type":"forge:mod_loaded","modid":"compressium"}},{"type":"forge:mod_loaded","modid":"thermal"}]}]}: Invalid Thermal Series recipe: thermal:furnace/allthecompressed/terracotta/5x
Refer to the recipe's ResourceLocation to find the mod responsible and let them know!
[11:04:49] [WARN] Error parsing recipe occultism:miner/ores/apatite[occultism:miner]: {"type":"occultism:miner","ingredient":{"tag":"occultism:miners/ores"},"result":{"item":"gtceu:apatite_ore"},"weight":400,"conditions":[{"type":"forge:not","value":{"type":"forge:tag_empty","tag":"forge:ores/apatite"}}]}: Unknown item 'gtceu:apatite_ore'
[11:04:49] [WARN] Error parsing recipe thermal:furnace/allthecompressed/terracotta/6x[thermal:furnace]: {"type":"thermal:furnace","ingredient":{"item":"allthecompressed:clay_block_6x","count":1},"result":{"item":"allthecompressed:terracotta_block_6x"},"energy":1440000,"conditions":[{"type":"forge:and","values":[{"type":"forge:not","value":{"type":"forge:mod_loaded","modid":"compressium"}},{"type":"forge:mod_loaded","modid":"thermal"}]}]}: Invalid Thermal Series recipe: thermal:furnace/allthecompressed/terracotta/6x
Refer to the recipe's ResourceLocation to find the mod responsible and let them know!
[11:04:49] [WARN] Error parsing recipe thermal:furnace/allthecompressed/terracotta/3x[thermal:furnace]: {"type":"thermal:furnace","ingredient":{"item":"allthecompressed:clay_block_3x","count":1},"result":{"item":"allthecompressed:terracotta_block_3x"},"energy":720000,"conditions":[{"type":"forge:and","values":[{"type":"forge:not","value":{"type":"forge:mod_loaded","modid":"compressium"}},{"type":"forge:mod_loaded","modid":"thermal"}]}]}: Invalid Thermal Series recipe: thermal:furnace/allthecompressed/terracotta/3x
Refer to the recipe's ResourceLocation to find the mod responsible and let them know!
[11:04:49] [WARN] Error parsing recipe thermal:furnace/allthecompressed/terracotta/4x[thermal:furnace]: {"type":"thermal:furnace","ingredient":{"item":"allthecompressed:clay_block_4x","count":1},"result":{"item":"allthecompressed:terracotta_block_4x"},"energy":960000,"conditions":[{"type":"forge:and","values":[{"type":"forge:not","value":{"type":"forge:mod_loaded","modid":"compressium"}},{"type":"forge:mod_loaded","modid":"thermal"}]}]}: Invalid Thermal Series recipe: thermal:furnace/allthecompressed/terracotta/4x
Refer to the recipe's ResourceLocation to find the mod responsible and let them know!
[11:04:49] [WARN] Error parsing recipe thermal:furnace/allthecompressed/terracotta/9x[thermal:furnace]: {"type":"thermal:furnace","ingredient":{"item":"allthecompressed:clay_block_9x","count":1},"result":{"item":"allthecompressed:terracotta_block_9x"},"energy":2400000,"conditions":[{"type":"forge:and","values":[{"type":"forge:not","value":{"type":"forge:mod_loaded","modid":"compressium"}},{"type":"forge:mod_loaded","modid":"thermal"}]}]}: Invalid Thermal Series recipe: thermal:furnace/allthecompressed/terracotta/9x
Refer to the recipe's ResourceLocation to find the mod responsible and let them know!
[11:04:49] [WARN] Error parsing recipe thermal:furnace/allthecompressed/terracotta/7x[thermal:furnace]: {"type":"thermal:furnace","ingredient":{"item":"allthecompressed:clay_block_7x","count":1},"result":{"item":"allthecompressed:terracotta_block_7x"},"energy":1680000,"conditions":[{"type":"forge:and","values":[{"type":"forge:not","value":{"type":"forge:mod_loaded","modid":"compressium"}},{"type":"forge:mod_loaded","modid":"thermal"}]}]}: Invalid Thermal Series recipe: thermal:furnace/allthecompressed/terracotta/7x
Refer to the recipe's ResourceLocation to find the mod responsible and let them know!
[11:04:49] [WARN] Error parsing recipe thermal:furnace/allthecompressed/terracotta/8x[thermal:furnace]: {"type":"thermal:furnace","ingredient":{"item":"allthecompressed:clay_block_8x","count":1},"result":{"item":"allthecompressed:terracotta_block_8x"},"energy":2160000,"conditions":[{"type":"forge:and","values":[{"type":"forge:not","value":{"type":"forge:mod_loaded","modid":"compressium"}},{"type":"forge:mod_loaded","modid":"thermal"}]}]}: Invalid Thermal Series recipe: thermal:furnace/allthecompressed/terracotta/8x
Refer to the recipe's ResourceLocation to find the mod responsible and let them know!
[11:04:49] [WARN] Error parsing recipe create:cutting/compat/forbidden_arcanus/stripped_mysterywood_log[create:cutting]: {"type":"create:cutting","conditions":[{"type":"forge:mod_loaded","modid":"forbidden_arcanus"}],"ingredients":[{"item":"forbidden_arcanus:stripped_mysterywood_log"}],"processingTime":50,"results":[{"count":6,"item":"forbidden_arcanus:mysterywood_planks"}]}: Unknown item 'forbidden_arcanus:stripped_mysterywood_log'
[11:04:49] [WARN] Error parsing recipe create:cutting/compat/forbidden_arcanus/stripped_cherrywood_log[create:cutting]: {"type":"create:cutting","conditions":[{"type":"forge:mod_loaded","modid":"forbidden_arcanus"}],"ingredients":[{"item":"forbidden_arcanus:stripped_cherrywood_log"}],"processingTime":50,"results":[{"count":6,"item":"forbidden_arcanus:cherrywood_planks"}]}: Unknown item 'forbidden_arcanus:stripped_cherrywood_log'
[11:04:49] [WARN] Error parsing recipe create:cutting/compat/forbidden_arcanus/mysterywood[create:cutting]: {"type":"create:cutting","conditions":[{"type":"forge:mod_loaded","modid":"forbidden_arcanus"}],"ingredients":[{"item":"forbidden_arcanus:mysterywood"}],"processingTime":50,"results":[{"item":"forbidden_arcanus:stripped_mysterywood"}]}: Unknown item 'forbidden_arcanus:mysterywood'
[11:04:49] [WARN] Error parsing recipe forbidden_arcanus:edelwood_chest_boat[minecraft:crafting_shapeless]: {"type":"minecraft:crafting_shapeless","category":"misc","ingredients":[{"item":"forbidden_arcanus:edelwood_boat"},{"fabric_value":{"tag":"c:chests"},"forge_value":{"tag":"forge:chests/wooden"}}],"result":{"item":"forbidden_arcanus:edelwood_chest_boat"}}: An ingredient entry needs either a tag or an item
[11:04:49] [WARN] Error parsing recipe forbidden_arcanus:aurum_chest_boat[minecraft:crafting_shapeless]: {"type":"minecraft:crafting_shapeless","category":"misc","ingredients":[{"item":"forbidden_arcanus:aurum_boat"},{"fabric_value":{"tag":"c:chests"},"forge_value":{"tag":"forge:chests/wooden"}}],"result":{"item":"forbidden_arcanus:aurum_chest_boat"}}: An ingredient entry needs either a tag or an item
[11:04:49] [WARN] Error parsing recipe kubejs:mysticalagriculture/cyanite_seeds/infusion[mysticalagriculture:infusion]: {"type":"mysticalagriculture:infusion","input":{"item":"mysticalagriculture:prosperity_seed_base"},"ingredients":[{"item":"mysticalagriculture:supremium_essence"},{"item":"bigreactors:cyanite_block"},{"item":"mysticalagriculture:supremium_essence"},{"item":"bigreactors:cyanite_block"},{"item":"mysticalagriculture:supremium_essence"},{"item":"bigreactors:cyanite_block"},{"item":"mysticalagriculture:supremium_essence"},{"item":"bigreactors:cyanite_block"}],"result":{"item":"mysticalagriculture:cyanite_seeds"}}: Unknown item 'bigreactors:cyanite_block'
[11:04:49] [WARN] Error parsing recipe kubejs:mysticalagriculture/graphite_seeds/infusion[mysticalagriculture:infusion]: {"type":"mysticalagriculture:infusion","input":{"item":"mysticalagriculture:prosperity_seed_base"},"ingredients":[{"item":"mysticalagriculture:tertium_essence"},{"item":"bigreactors:graphite_block"},{"item":"mysticalagriculture:tertium_essence"},{"item":"bigreactors:graphite_block"},{"item":"mysticalagriculture:tertium_essence"},{"item":"bigreactors:graphite_block"},{"item":"mysticalagriculture:tertium_essence"},{"item":"bigreactors:graphite_block"}],"result":{"item":"mysticalagriculture:graphite_seeds"}}: Unknown item 'bigreactors:graphite_block'
[11:04:49] [INFO] Added 837 recipes, removed 203 recipes, modified 13 recipes, with 32 failed recipes in 836.6 ms
[11:04:55] [INFO] Server resource reload complete!
